[2021-01-19 09:37:19.309] [userDataSync] [info] Using settings sync service https://vscode-sync.trafficmanager.net/
[2021-01-19 09:37:19.309] [userDataSync] [info] Auto Sync is enabled.
[2021-01-19 09:37:19.309] [userDataSync] [info] Auto Sync: Suspended until auth token is available.
[2021-01-19 09:37:19.505] [userDataSync] [info] Auto Sync: Started
[2021-01-19 09:37:19.506] [userDataSync] [info] Auto Sync: Triggered by Interval
[2021-01-19 09:37:20.157] [userDataSync] [info] Settings: No changes found during synchronizing settings.
[2021-01-19 09:37:20.230] [userDataSync] [info] Keybindings: No changes found during synchronizing keybindings.
[2021-01-19 09:37:20.274] [userDataSync] [info] Snippets: No changes found during synchronizing snippets.
[2021-01-19 09:37:20.630] [userDataSync] [info] GlobalState: Updated remote ui state
[2021-01-19 09:37:20.646] [userDataSync] [info] GlobalState: Updated last synchronized ui state
[2021-01-19 09:37:20.810] [userDataSync] [info] Extensions: No changes found during synchronizing extensions.
[2021-01-19 09:37:20.814] [userDataSync] [info] Sync done. Took 814ms
[2021-01-19 09:37:52.850] [userDataSync] [info] Auto Sync: Triggered by Activity
[2021-01-19 09:37:52.938] [userDataSync] [info] Settings: No changes found during synchronizing settings.
[2021-01-19 09:37:52.942] [userDataSync] [info] Keybindings: No changes found during synchronizing keybindings.
[2021-01-19 09:37:52.947] [userDataSync] [info] Snippets: No changes found during synchronizing snippets.
[2021-01-19 09:37:52.965] [userDataSync] [info] GlobalState: No changes found during synchronizing ui state.
[2021-01-19 09:37:53.013] [userDataSync] [info] Extensions: No changes found during synchronizing extensions.
[2021-01-19 09:37:53.013] [userDataSync] [info] Sync done. Took 95ms
[2021-01-19 09:38:09.979] [userDataSync] [info] Auto Sync: Triggered by Activity
[2021-01-19 09:38:10.063] [userDataSync] [info] Settings: No changes found during synchronizing settings.
[2021-01-19 09:38:10.066] [userDataSync] [info] Keybindings: No changes found during synchronizing keybindings.
[2021-01-19 09:38:10.068] [userDataSync] [info] Snippets: No changes found during synchronizing snippets.
[2021-01-19 09:38:10.080] [userDataSync] [info] GlobalState: No changes found during synchronizing ui state.
[2021-01-19 09:38:10.132] [userDataSync] [info] Extensions: No changes found during synchronizing extensions.
[2021-01-19 09:38:10.133] [userDataSync] [info] Sync done. Took 96ms
[2021-01-19 09:38:20.184] [userDataSync] [info] Auto Sync: Triggered by Activity
[2021-01-19 09:38:20.313] [userDataSync] [info] Settings: No changes found during synchronizing settings.
[2021-01-19 09:38:20.320] [userDataSync] [info] Keybindings: No changes found during synchronizing keybindings.
[2021-01-19 09:38:20.327] [userDataSync] [info] Snippets: No changes found during synchronizing snippets.
[2021-01-19 09:38:20.541] [userDataSync] [info] GlobalState: Updated remote ui state
[2021-01-19 09:38:20.547] [userDataSync] [info] GlobalState: Updated last synchronized ui state
[2021-01-19 09:38:20.601] [userDataSync] [info] Extensions: No changes found during synchronizing extensions.
[2021-01-19 09:38:20.602] [userDataSync] [info] Sync done. Took 302ms
[2021-01-19 09:38:33.112] [userDataSync] [info] Auto Sync: Triggered by Activity
[2021-01-19 09:38:33.177] [userDataSync] [info] Settings: No changes found during synchronizing settings.
[2021-01-19 09:38:33.181] [userDataSync] [info] Keybindings: No changes found during synchronizing keybindings.
[2021-01-19 09:38:33.184] [userDataSync] [info] Snippets: No changes found during synchronizing snippets.
[2021-01-19 09:38:33.203] [userDataSync] [info] GlobalState: No changes found during synchronizing ui state.
[2021-01-19 09:38:33.326] [userDataSync] [info] Extensions: No changes found during synchronizing extensions.
[2021-01-19 09:38:33.326] [userDataSync] [info] Sync done. Took 156ms
