[2021-01-21 13:53:47.167] [userDataSync] [info] Using settings sync service https://vscode-sync.trafficmanager.net/
[2021-01-21 13:53:47.167] [userDataSync] [info] Auto Sync is enabled.
[2021-01-21 13:53:47.167] [userDataSync] [info] Auto Sync: Suspended until auth token is available.
[2021-01-21 13:54:02.709] [userDataSync] [info] Auto Sync: Started
[2021-01-21 13:54:02.709] [userDataSync] [info] Auto Sync: Triggered by Interval
[2021-01-21 13:54:03.719] [userDataSync] [info] Settings: No changes found during synchronizing settings.
[2021-01-21 13:54:03.754] [userDataSync] [info] Keybindings: No changes found during synchronizing keybindings.
[2021-01-21 13:54:03.770] [userDataSync] [info] Snippets: No changes found during synchronizing snippets.
[2021-01-21 13:54:04.067] [userDataSync] [info] GlobalState: Updated remote ui state
[2021-01-21 13:54:04.074] [userDataSync] [info] GlobalState: Updated last synchronized ui state
[2021-01-21 13:54:04.152] [userDataSync] [info] Extensions: No changes found during synchronizing extensions.
[2021-01-21 13:54:04.152] [userDataSync] [info] Sync done. Took 527ms
[2021-01-21 13:54:16.800] [userDataSync] [info] Auto Sync: Triggered by Activity
[2021-01-21 13:54:16.867] [userDataSync] [info] Settings: No changes found during synchronizing settings.
[2021-01-21 13:54:16.870] [userDataSync] [info] Keybindings: No changes found during synchronizing keybindings.
[2021-01-21 13:54:16.872] [userDataSync] [info] Snippets: No changes found during synchronizing snippets.
[2021-01-21 13:54:16.889] [userDataSync] [info] GlobalState: No changes found during synchronizing ui state.
[2021-01-21 13:54:16.938] [userDataSync] [info] Extensions: No changes found during synchronizing extensions.
[2021-01-21 13:54:16.938] [userDataSync] [info] Sync done. Took 84ms
[2021-01-21 13:54:29.942] [userDataSync] [info] Auto Sync: Triggered by Activity
[2021-01-21 13:54:30.005] [userDataSync] [info] Settings: No changes found during synchronizing settings.
[2021-01-21 13:54:30.007] [userDataSync] [info] Keybindings: No changes found during synchronizing keybindings.
[2021-01-21 13:54:30.009] [userDataSync] [info] Snippets: No changes found during synchronizing snippets.
[2021-01-21 13:54:30.021] [userDataSync] [info] GlobalState: No changes found during synchronizing ui state.
[2021-01-21 13:54:30.073] [userDataSync] [info] Extensions: No changes found during synchronizing extensions.
[2021-01-21 13:54:30.074] [userDataSync] [info] Sync done. Took 75ms
