[2021-01-19 09:35:46.357] [userDataSync] [info] Using settings sync service https://vscode-sync.trafficmanager.net/
[2021-01-19 09:35:46.357] [userDataSync] [info] Auto Sync is enabled.
[2021-01-19 09:35:46.357] [userDataSync] [info] Auto Sync: Suspended until auth token is available.
[2021-01-19 09:35:46.379] [userDataSync] [info] Auto Sync: Started
[2021-01-19 09:35:46.379] [userDataSync] [info] Auto Sync: Triggered by Interval
[2021-01-19 09:35:46.912] [userDataSync] [info] Settings: No changes found during synchronizing settings.
[2021-01-19 09:35:46.990] [userDataSync] [info] Keybindings: No changes found during synchronizing keybindings.
[2021-01-19 09:35:47.024] [userDataSync] [info] Snippets: No changes found during synchronizing snippets.
[2021-01-19 09:35:47.317] [userDataSync] [info] GlobalState: Updated remote ui state
[2021-01-19 09:35:47.326] [userDataSync] [info] GlobalState: Updated last synchronized ui state
[2021-01-19 09:35:47.389] [userDataSync] [info] Extensions: No changes found during synchronizing extensions.
[2021-01-19 09:35:47.390] [userDataSync] [info] Sync done. Took 625ms
[2021-01-19 09:36:02.288] [userDataSync] [info] Auto Sync: Triggered by Activity
[2021-01-19 09:36:02.491] [userDataSync] [info] Settings: Updated remote settings
[2021-01-19 09:36:02.496] [userDataSync] [info] Settings: Updated last synchronized settings
[2021-01-19 09:36:02.499] [userDataSync] [info] Keybindings: No changes found during synchronizing keybindings.
[2021-01-19 09:36:02.501] [userDataSync] [info] Snippets: No changes found during synchronizing snippets.
[2021-01-19 09:36:02.512] [userDataSync] [info] GlobalState: No changes found during synchronizing ui state.
[2021-01-19 09:36:02.565] [userDataSync] [info] Extensions: No changes found during synchronizing extensions.
[2021-01-19 09:36:02.566] [userDataSync] [info] Sync done. Took 221ms
[2021-01-19 09:36:09.604] [userDataSync] [info] Auto Sync: Triggered by Activity
[2021-01-19 09:36:09.673] [userDataSync] [info] Settings: No changes found during synchronizing settings.
[2021-01-19 09:36:09.675] [userDataSync] [info] Keybindings: No changes found during synchronizing keybindings.
[2021-01-19 09:36:09.677] [userDataSync] [info] Snippets: No changes found during synchronizing snippets.
[2021-01-19 09:36:09.880] [userDataSync] [info] GlobalState: Updated remote ui state
[2021-01-19 09:36:09.887] [userDataSync] [info] GlobalState: Updated last synchronized ui state
[2021-01-19 09:36:09.937] [userDataSync] [info] Extensions: No changes found during synchronizing extensions.
[2021-01-19 09:36:09.938] [userDataSync] [info] Sync done. Took 269ms
[2021-01-19 09:36:46.712] [userDataSync] [info] Auto Sync: Triggered by Activity
[2021-01-19 09:36:46.805] [userDataSync] [info] Settings: No changes found during synchronizing settings.
[2021-01-19 09:36:46.811] [userDataSync] [info] Keybindings: No changes found during synchronizing keybindings.
[2021-01-19 09:36:46.814] [userDataSync] [info] Snippets: No changes found during synchronizing snippets.
[2021-01-19 09:36:46.840] [userDataSync] [info] GlobalState: No changes found during synchronizing ui state.
[2021-01-19 09:36:46.921] [userDataSync] [info] Extensions: No changes found during synchronizing extensions.
[2021-01-19 09:36:46.921] [userDataSync] [info] Sync done. Took 147ms
[2021-01-19 09:36:55.199] [userDataSync] [info] Auto Sync: Triggered by Activity
[2021-01-19 09:36:55.271] [userDataSync] [info] Settings: No changes found during synchronizing settings.
[2021-01-19 09:36:55.273] [userDataSync] [info] Keybindings: No changes found during synchronizing keybindings.
[2021-01-19 09:36:55.275] [userDataSync] [info] Snippets: No changes found during synchronizing snippets.
[2021-01-19 09:36:55.463] [userDataSync] [info] GlobalState: Updated remote ui state
[2021-01-19 09:36:55.472] [userDataSync] [info] GlobalState: Updated last synchronized ui state
[2021-01-19 09:36:55.596] [userDataSync] [info] Extensions: No changes found during synchronizing extensions.
[2021-01-19 09:36:55.596] [userDataSync] [info] Sync done. Took 338ms
[2021-01-19 09:36:58.758] [userDataSync] [info] Auto Sync: Triggered by Activity
[2021-01-19 09:36:59.194] [userDataSync] [info] Settings: Updated remote settings
[2021-01-19 09:36:59.204] [userDataSync] [info] Settings: Updated last synchronized settings
[2021-01-19 09:36:59.208] [userDataSync] [info] Keybindings: No changes found during synchronizing keybindings.
[2021-01-19 09:36:59.211] [userDataSync] [info] Snippets: No changes found during synchronizing snippets.
[2021-01-19 09:36:59.224] [userDataSync] [info] GlobalState: No changes found during synchronizing ui state.
[2021-01-19 09:36:59.346] [userDataSync] [info] Extensions: No changes found during synchronizing extensions.
[2021-01-19 09:36:59.347] [userDataSync] [info] Sync done. Took 523ms
[2021-01-19 09:36:59.776] [userDataSync] [info] Auto Sync: Triggered by Activity
[2021-01-19 09:37:00.447] [userDataSync] [info] Settings: No changes found during synchronizing settings.
[2021-01-19 09:37:00.450] [userDataSync] [info] Keybindings: No changes found during synchronizing keybindings.
[2021-01-19 09:37:00.453] [userDataSync] [info] Snippets: No changes found during synchronizing snippets.
[2021-01-19 09:37:00.462] [userDataSync] [info] GlobalState: No changes found during synchronizing ui state.
[2021-01-19 09:37:00.535] [userDataSync] [info] Extensions: No changes found during synchronizing extensions.
[2021-01-19 09:37:00.535] [userDataSync] [info] Sync done. Took 99ms
[2021-01-19 09:37:13.178] [userDataSync] [info] Auto Sync: Triggered by Activity
