[2021-01-23 03:38:01.057] [exthost] [info] extension host started
[2021-01-23 03:38:01.338] [exthost] [info] ExtensionService#_doActivateExtension vscode.microsoft-authentication {"startup":false,"extensionId":{"value":"vscode.microsoft-authentication","_lower":"vscode.microsoft-authentication"},"activationEvent":"onAuthenticationRequest:microsoft"}
[2021-01-23 03:38:01.339] [exthost] [info] ExtensionService#loadCommonJSModule file:///opt/visual-studio-code/resources/app/extensions/microsoft-authentication/dist/extension.js
[2021-01-23 03:38:01.352] [exthost] [info] ExtensionService#_doActivateExtension vscode.typescript-language-features {"startup":false,"extensionId":{"value":"vscode.typescript-language-features","_lower":"vscode.typescript-language-features"},"activationEvent":"onLanguage:javascript"}
[2021-01-23 03:38:01.352] [exthost] [info] ExtensionService#loadCommonJSModule file:///opt/visual-studio-code/resources/app/extensions/typescript-language-features/dist/extension
[2021-01-23 03:38:01.365] [exthost] [info] ExtensionService#_doActivateExtension vscode.debug-auto-launch {"startup":true,"extensionId":{"value":"vscode.debug-auto-launch","_lower":"vscode.debug-auto-launch"},"activationEvent":"*"}
[2021-01-23 03:38:01.365] [exthost] [info] ExtensionService#loadCommonJSModule file:///opt/visual-studio-code/resources/app/extensions/debug-auto-launch/dist/extension
[2021-01-23 03:38:01.367] [exthost] [info] ExtensionService#_doActivateExtension vscode.emmet {"startup":true,"extensionId":{"value":"vscode.emmet","_lower":"vscode.emmet"},"activationEvent":"*"}
[2021-01-23 03:38:01.367] [exthost] [info] ExtensionService#loadCommonJSModule file:///opt/visual-studio-code/resources/app/extensions/emmet/dist/node/emmetNodeMain
[2021-01-23 03:38:01.376] [exthost] [info] ExtensionService#_doActivateExtension vscode.git {"startup":true,"extensionId":{"value":"vscode.github","_lower":"vscode.github"},"activationEvent":"*"}
[2021-01-23 03:38:01.376] [exthost] [info] ExtensionService#loadCommonJSModule file:///opt/visual-studio-code/resources/app/extensions/git/dist/main
[2021-01-23 03:38:01.388] [exthost] [info] ExtensionService#_doActivateExtension vscode.merge-conflict {"startup":true,"extensionId":{"value":"vscode.merge-conflict","_lower":"vscode.merge-conflict"},"activationEvent":"*"}
[2021-01-23 03:38:01.388] [exthost] [info] ExtensionService#loadCommonJSModule file:///opt/visual-studio-code/resources/app/extensions/merge-conflict/dist/mergeConflictMain
[2021-01-23 03:38:01.390] [exthost] [info] ExtensionService#_doActivateExtension vscode.search-result {"startup":true,"extensionId":{"value":"vscode.search-result","_lower":"vscode.search-result"},"activationEvent":"*"}
[2021-01-23 03:38:01.390] [exthost] [info] ExtensionService#loadCommonJSModule file:///opt/visual-studio-code/resources/app/extensions/search-result/dist/extension.js
[2021-01-23 03:38:01.391] [exthost] [info] ExtensionService#_doActivateExtension christian-kohler.path-intellisense {"startup":true,"extensionId":{"value":"christian-kohler.path-intellisense","_lower":"christian-kohler.path-intellisense"},"activationEvent":"*"}
[2021-01-23 03:38:01.391] [exthost] [info] ExtensionService#loadCommonJSModule file:///home/matthewrose/.vscode/extensions/christian-kohler.path-intellisense-2.3.0/out/extension.js
[2021-01-23 03:38:01.400] [exthost] [info] ExtensionService#_doActivateExtension CoenraadS.bracket-pair-colorizer-2 {"startup":true,"extensionId":{"value":"CoenraadS.bracket-pair-colorizer-2","_lower":"coenraads.bracket-pair-colorizer-2"},"activationEvent":"*"}
[2021-01-23 03:38:01.401] [exthost] [info] ExtensionService#loadCommonJSModule file:///home/matthewrose/.vscode/extensions/coenraads.bracket-pair-colorizer-2-0.2.0/out/src/extension
[2021-01-23 03:38:01.412] [exthost] [info] ExtensionService#_doActivateExtension formulahendry.auto-close-tag {"startup":true,"extensionId":{"value":"formulahendry.auto-close-tag","_lower":"formulahendry.auto-close-tag"},"activationEvent":"*"}
[2021-01-23 03:38:01.412] [exthost] [info] ExtensionService#loadCommonJSModule file:///home/matthewrose/.vscode/extensions/formulahendry.auto-close-tag-0.5.10/out/src/extension
[2021-01-23 03:38:01.413] [exthost] [info] ExtensionService#_doActivateExtension formulahendry.auto-rename-tag {"startup":true,"extensionId":{"value":"formulahendry.auto-rename-tag","_lower":"formulahendry.auto-rename-tag"},"activationEvent":"*"}
[2021-01-23 03:38:01.413] [exthost] [info] ExtensionService#loadCommonJSModule file:///home/matthewrose/.vscode/extensions/formulahendry.auto-rename-tag-0.1.6/packages/extension/dist/extensionMain.js
[2021-01-23 03:38:01.425] [exthost] [info] ExtensionService#_doActivateExtension monokai.theme-monokai-pro-vscode {"startup":true,"extensionId":{"value":"monokai.theme-monokai-pro-vscode","_lower":"monokai.theme-monokai-pro-vscode"},"activationEvent":"*"}
[2021-01-23 03:38:01.425] [exthost] [info] ExtensionService#loadCommonJSModule file:///home/matthewrose/.vscode/extensions/monokai.theme-monokai-pro-vscode-1.1.18/js/main
[2021-01-23 03:38:01.427] [exthost] [info] ExtensionService#_doActivateExtension naumovs.color-highlight {"startup":true,"extensionId":{"value":"naumovs.color-highlight","_lower":"naumovs.color-highlight"},"activationEvent":"*"}
[2021-01-23 03:38:01.427] [exthost] [info] ExtensionService#loadCommonJSModule file:///home/matthewrose/.vscode/extensions/naumovs.color-highlight-2.3.0/dist/extension
[2021-01-23 03:38:01.432] [exthost] [info] ExtensionService#_doActivateExtension PKief.material-icon-theme {"startup":true,"extensionId":{"value":"PKief.material-icon-theme","_lower":"pkief.material-icon-theme"},"activationEvent":"*"}
[2021-01-23 03:38:01.432] [exthost] [info] ExtensionService#loadCommonJSModule file:///home/matthewrose/.vscode/extensions/pkief.material-icon-theme-4.5.0/dist/extension
[2021-01-23 03:38:01.440] [exthost] [info] ExtensionService#_doActivateExtension ritwickdey.LiveServer {"startup":true,"extensionId":{"value":"ritwickdey.LiveServer","_lower":"ritwickdey.liveserver"},"activationEvent":"*"}
[2021-01-23 03:38:01.440] [exthost] [info] ExtensionService#loadCommonJSModule file:///home/matthewrose/.vscode/extensions/ritwickdey.liveserver-5.6.1/out/src/extension
[2021-01-23 03:38:01.655] [exthost] [info] ExtensionService#_doActivateExtension sainnhe.gruvbox-material {"startup":true,"extensionId":{"value":"sainnhe.gruvbox-material","_lower":"sainnhe.gruvbox-material"},"activationEvent":"*"}
[2021-01-23 03:38:01.655] [exthost] [info] ExtensionService#loadCommonJSModule file:///home/matthewrose/.vscode/extensions/sainnhe.gruvbox-material-6.3.6/out/extension.js
[2021-01-23 03:38:01.669] [exthost] [info] ExtensionService#_doActivateExtension spikespaz.vscode-smoothtype {"startup":true,"extensionId":{"value":"spikespaz.vscode-smoothtype","_lower":"spikespaz.vscode-smoothtype"},"activationEvent":"*"}
[2021-01-23 03:38:01.669] [exthost] [info] ExtensionService#loadCommonJSModule file:///home/matthewrose/.vscode/extensions/spikespaz.vscode-smoothtype-1.2.0/extension
[2021-01-23 03:38:01.671] [exthost] [info] ExtensionService#_doActivateExtension vincaslt.highlight-matching-tag {"startup":true,"extensionId":{"value":"vincaslt.highlight-matching-tag","_lower":"vincaslt.highlight-matching-tag"},"activationEvent":"*"}
[2021-01-23 03:38:01.671] [exthost] [info] ExtensionService#loadCommonJSModule file:///home/matthewrose/.vscode/extensions/vincaslt.highlight-matching-tag-0.10.0/out/src/extension
[2021-01-23 03:38:01.678] [exthost] [info] ExtensionService#_doActivateExtension vscodevim.vim {"startup":true,"extensionId":{"value":"vscodevim.vim","_lower":"vscodevim.vim"},"activationEvent":"*"}
[2021-01-23 03:38:01.678] [exthost] [info] ExtensionService#loadCommonJSModule file:///home/matthewrose/.vscode/extensions/vscodevim.vim-1.18.5/out/extension
[2021-01-23 03:38:01.730] [exthost] [info] ExtensionService#_doActivateExtension zhuangtongfa.material-theme {"startup":true,"extensionId":{"value":"zhuangtongfa.material-theme","_lower":"zhuangtongfa.material-theme"},"activationEvent":"*"}
[2021-01-23 03:38:01.730] [exthost] [info] ExtensionService#loadCommonJSModule file:///home/matthewrose/.vscode/extensions/zhuangtongfa.material-theme-3.9.12/out/extension.js
[2021-01-23 03:38:01.744] [exthost] [info] ExtensionService#_doActivateExtension Zignd.html-css-class-completion {"startup":true,"extensionId":{"value":"Zignd.html-css-class-completion","_lower":"zignd.html-css-class-completion"},"activationEvent":"*"}
[2021-01-23 03:38:01.744] [exthost] [info] ExtensionService#loadCommonJSModule file:///home/matthewrose/.vscode/extensions/zignd.html-css-class-completion-1.20.0/dist/extension.js
[2021-01-23 03:38:03.794] [exthost] [info] ExtensionService#_doActivateExtension ms-vscode.js-debug {"startup":false,"extensionId":{"value":"ms-vscode.js-debug","_lower":"ms-vscode.js-debug"},"activationEvent":"onCommand:extension.js-debug.clearAutoAttachVariables"}
[2021-01-23 03:38:03.794] [exthost] [info] ExtensionService#loadCommonJSModule file:///opt/visual-studio-code/resources/app/extensions/ms-vscode.js-debug/src/extension.js
[2021-01-23 03:38:03.961] [exthost] [info] ExtensionService#_doActivateExtension vscode.github {"startup":false,"extensionId":{"value":"vscode.github","_lower":"vscode.github"},"activationEvent":"*"}
[2021-01-23 03:38:03.961] [exthost] [info] ExtensionService#loadCommonJSModule file:///opt/visual-studio-code/resources/app/extensions/github/dist/extension.js
[2021-01-23 03:38:04.015] [exthost] [info] eager extensions activated
[2021-01-23 03:38:04.042] [exthost] [info] ExtensionService#_doActivateExtension dbaeumer.vscode-eslint {"startup":false,"extensionId":{"value":"dbaeumer.vscode-eslint","_lower":"dbaeumer.vscode-eslint"},"activationEvent":"onStartupFinished"}
[2021-01-23 03:38:04.043] [exthost] [info] ExtensionService#loadCommonJSModule file:///home/matthewrose/.vscode/extensions/dbaeumer.vscode-eslint-2.1.14/client/out/extension
[2021-01-23 03:38:04.114] [exthost] [info] ExtensionService#_doActivateExtension esbenp.prettier-vscode {"startup":false,"extensionId":{"value":"esbenp.prettier-vscode","_lower":"esbenp.prettier-vscode"},"activationEvent":"onStartupFinished"}
[2021-01-23 03:38:04.114] [exthost] [info] ExtensionService#loadCommonJSModule file:///home/matthewrose/.vscode/extensions/esbenp.prettier-vscode-5.8.0/dist/extension
[2021-01-23 03:38:04.272] [exthost] [info] ExtensionService#_doActivateExtension formulahendry.code-runner {"startup":false,"extensionId":{"value":"formulahendry.code-runner","_lower":"formulahendry.code-runner"},"activationEvent":"onStartupFinished"}
[2021-01-23 03:38:04.272] [exthost] [info] ExtensionService#loadCommonJSModule file:///home/matthewrose/.vscode/extensions/formulahendry.code-runner-0.11.2/out/src/extension
[2021-01-23 03:38:04.408] [exthost] [info] ExtensionService#_doActivateExtension vscode.github-authentication {"startup":false,"extensionId":{"value":"vscode.github-authentication","_lower":"vscode.github-authentication"},"activationEvent":"onAuthenticationRequest:github"}
[2021-01-23 03:38:04.412] [exthost] [info] ExtensionService#loadCommonJSModule file:///opt/visual-studio-code/resources/app/extensions/github-authentication/dist/extension.js
[2021-01-23 03:38:05.815] [exthost] [info] ExtensionService#_doActivateExtension vscode.configuration-editing {"startup":false,"extensionId":{"value":"vscode.configuration-editing","_lower":"vscode.configuration-editing"},"activationEvent":"onLanguage:jsonc"}
[2021-01-23 03:38:05.815] [exthost] [info] ExtensionService#loadCommonJSModule file:///opt/visual-studio-code/resources/app/extensions/configuration-editing/dist/configurationEditingMain
[2021-01-23 03:38:05.822] [exthost] [info] ExtensionService#_doActivateExtension vscode.json-language-features {"startup":false,"extensionId":{"value":"vscode.json-language-features","_lower":"vscode.json-language-features"},"activationEvent":"onLanguage:jsonc"}
[2021-01-23 03:38:05.824] [exthost] [info] ExtensionService#loadCommonJSModule file:///opt/visual-studio-code/resources/app/extensions/json-language-features/client/dist/node/jsonClientMain
[2021-01-23 03:38:11.498] [exthost] [warning] TextEditor is closed/disposed
[2021-01-23 03:38:11.498] [exthost] [warning] TextEditor is closed/disposed
[2021-01-23 03:38:11.515] [exthost] [warning] {"name":"DISPOSED","message":"TextEditor(vs.editor.ICodeEditor:1,$model1) has been disposed"}
[2021-01-23 03:38:11.633] [exthost] [info] ExtensionService#_doActivateExtension vscode.html-language-features {"startup":false,"extensionId":{"value":"vscode.html-language-features","_lower":"vscode.html-language-features"},"activationEvent":"onLanguage:html"}
[2021-01-23 03:38:11.633] [exthost] [info] ExtensionService#loadCommonJSModule file:///opt/visual-studio-code/resources/app/extensions/html-language-features/client/dist/node/htmlClientMain
[2021-01-23 03:38:13.898] [exthost] [warning] TextEditor is closed/disposed
[2021-01-23 03:38:13.899] [exthost] [warning] TextEditor is closed/disposed
[2021-01-23 03:38:13.926] [exthost] [warning] {"name":"DISPOSED","message":"TextEditor(vs.editor.ICodeEditor:1,$model3) has been disposed"}
