[2021-01-21 14:22:45.781] [exthost] [info] extension host started
[2021-01-21 14:22:45.809] [exthost] [info] ExtensionService#_doActivateExtension vscode.microsoft-authentication {"startup":false,"extensionId":{"value":"vscode.microsoft-authentication","_lower":"vscode.microsoft-authentication"},"activationEvent":"onAuthenticationRequest:microsoft"}
[2021-01-21 14:22:45.809] [exthost] [info] ExtensionService#loadCommonJSModule file:///opt/visual-studio-code/resources/app/extensions/microsoft-authentication/dist/extension.js
[2021-01-21 14:22:45.816] [exthost] [info] ExtensionService#_doActivateExtension vscode.debug-auto-launch {"startup":true,"extensionId":{"value":"vscode.debug-auto-launch","_lower":"vscode.debug-auto-launch"},"activationEvent":"*"}
[2021-01-21 14:22:45.816] [exthost] [info] ExtensionService#loadCommonJSModule file:///opt/visual-studio-code/resources/app/extensions/debug-auto-launch/dist/extension
[2021-01-21 14:22:45.818] [exthost] [info] ExtensionService#_doActivateExtension vscode.emmet {"startup":true,"extensionId":{"value":"vscode.emmet","_lower":"vscode.emmet"},"activationEvent":"*"}
[2021-01-21 14:22:45.818] [exthost] [info] ExtensionService#loadCommonJSModule file:///opt/visual-studio-code/resources/app/extensions/emmet/dist/node/emmetNodeMain
[2021-01-21 14:22:45.827] [exthost] [info] ExtensionService#_doActivateExtension vscode.git {"startup":true,"extensionId":{"value":"vscode.github","_lower":"vscode.github"},"activationEvent":"*"}
[2021-01-21 14:22:45.827] [exthost] [info] ExtensionService#loadCommonJSModule file:///opt/visual-studio-code/resources/app/extensions/git/dist/main
[2021-01-21 14:22:45.839] [exthost] [info] ExtensionService#_doActivateExtension vscode.merge-conflict {"startup":true,"extensionId":{"value":"vscode.merge-conflict","_lower":"vscode.merge-conflict"},"activationEvent":"*"}
[2021-01-21 14:22:45.839] [exthost] [info] ExtensionService#loadCommonJSModule file:///opt/visual-studio-code/resources/app/extensions/merge-conflict/dist/mergeConflictMain
[2021-01-21 14:22:45.841] [exthost] [info] ExtensionService#_doActivateExtension vscode.search-result {"startup":true,"extensionId":{"value":"vscode.search-result","_lower":"vscode.search-result"},"activationEvent":"*"}
[2021-01-21 14:22:45.841] [exthost] [info] ExtensionService#loadCommonJSModule file:///opt/visual-studio-code/resources/app/extensions/search-result/dist/extension.js
[2021-01-21 14:22:45.842] [exthost] [info] ExtensionService#_doActivateExtension christian-kohler.path-intellisense {"startup":true,"extensionId":{"value":"christian-kohler.path-intellisense","_lower":"christian-kohler.path-intellisense"},"activationEvent":"*"}
[2021-01-21 14:22:45.842] [exthost] [info] ExtensionService#loadCommonJSModule file:///home/matthewrose/.vscode/extensions/christian-kohler.path-intellisense-2.3.0/out/extension.js
[2021-01-21 14:22:45.851] [exthost] [info] ExtensionService#_doActivateExtension CoenraadS.bracket-pair-colorizer-2 {"startup":true,"extensionId":{"value":"CoenraadS.bracket-pair-colorizer-2","_lower":"coenraads.bracket-pair-colorizer-2"},"activationEvent":"*"}
[2021-01-21 14:22:45.851] [exthost] [info] ExtensionService#loadCommonJSModule file:///home/matthewrose/.vscode/extensions/coenraads.bracket-pair-colorizer-2-0.2.0/out/src/extension
[2021-01-21 14:22:45.863] [exthost] [info] ExtensionService#_doActivateExtension formulahendry.auto-close-tag {"startup":true,"extensionId":{"value":"formulahendry.auto-close-tag","_lower":"formulahendry.auto-close-tag"},"activationEvent":"*"}
[2021-01-21 14:22:45.863] [exthost] [info] ExtensionService#loadCommonJSModule file:///home/matthewrose/.vscode/extensions/formulahendry.auto-close-tag-0.5.10/out/src/extension
[2021-01-21 14:22:45.864] [exthost] [info] ExtensionService#_doActivateExtension formulahendry.auto-rename-tag {"startup":true,"extensionId":{"value":"formulahendry.auto-rename-tag","_lower":"formulahendry.auto-rename-tag"},"activationEvent":"*"}
[2021-01-21 14:22:45.864] [exthost] [info] ExtensionService#loadCommonJSModule file:///home/matthewrose/.vscode/extensions/formulahendry.auto-rename-tag-0.1.6/packages/extension/dist/extensionMain.js
[2021-01-21 14:22:45.869] [exthost] [info] ExtensionService#_doActivateExtension monokai.theme-monokai-pro-vscode {"startup":true,"extensionId":{"value":"monokai.theme-monokai-pro-vscode","_lower":"monokai.theme-monokai-pro-vscode"},"activationEvent":"*"}
[2021-01-21 14:22:45.869] [exthost] [info] ExtensionService#loadCommonJSModule file:///home/matthewrose/.vscode/extensions/monokai.theme-monokai-pro-vscode-1.1.18/js/main
[2021-01-21 14:22:45.872] [exthost] [info] ExtensionService#_doActivateExtension naumovs.color-highlight {"startup":true,"extensionId":{"value":"naumovs.color-highlight","_lower":"naumovs.color-highlight"},"activationEvent":"*"}
[2021-01-21 14:22:45.872] [exthost] [info] ExtensionService#loadCommonJSModule file:///home/matthewrose/.vscode/extensions/naumovs.color-highlight-2.3.0/dist/extension
[2021-01-21 14:22:45.878] [exthost] [info] ExtensionService#_doActivateExtension PKief.material-icon-theme {"startup":true,"extensionId":{"value":"PKief.material-icon-theme","_lower":"pkief.material-icon-theme"},"activationEvent":"*"}
[2021-01-21 14:22:45.879] [exthost] [info] ExtensionService#loadCommonJSModule file:///home/matthewrose/.vscode/extensions/pkief.material-icon-theme-4.5.0/dist/extension
[2021-01-21 14:22:45.889] [exthost] [info] ExtensionService#_doActivateExtension ritwickdey.LiveServer {"startup":true,"extensionId":{"value":"ritwickdey.LiveServer","_lower":"ritwickdey.liveserver"},"activationEvent":"*"}
[2021-01-21 14:22:45.889] [exthost] [info] ExtensionService#loadCommonJSModule file:///home/matthewrose/.vscode/extensions/ritwickdey.liveserver-5.6.1/out/src/extension
[2021-01-21 14:22:46.099] [exthost] [info] ExtensionService#_doActivateExtension sainnhe.gruvbox-material {"startup":true,"extensionId":{"value":"sainnhe.gruvbox-material","_lower":"sainnhe.gruvbox-material"},"activationEvent":"*"}
[2021-01-21 14:22:46.099] [exthost] [info] ExtensionService#loadCommonJSModule file:///home/matthewrose/.vscode/extensions/sainnhe.gruvbox-material-6.3.6/out/extension.js
[2021-01-21 14:22:46.118] [exthost] [info] ExtensionService#_doActivateExtension spikespaz.vscode-smoothtype {"startup":true,"extensionId":{"value":"spikespaz.vscode-smoothtype","_lower":"spikespaz.vscode-smoothtype"},"activationEvent":"*"}
[2021-01-21 14:22:46.118] [exthost] [info] ExtensionService#loadCommonJSModule file:///home/matthewrose/.vscode/extensions/spikespaz.vscode-smoothtype-1.2.0/extension
[2021-01-21 14:22:46.121] [exthost] [info] ExtensionService#_doActivateExtension vincaslt.highlight-matching-tag {"startup":true,"extensionId":{"value":"vincaslt.highlight-matching-tag","_lower":"vincaslt.highlight-matching-tag"},"activationEvent":"*"}
[2021-01-21 14:22:46.121] [exthost] [info] ExtensionService#loadCommonJSModule file:///home/matthewrose/.vscode/extensions/vincaslt.highlight-matching-tag-0.10.0/out/src/extension
[2021-01-21 14:22:46.127] [exthost] [info] ExtensionService#_doActivateExtension vscodevim.vim {"startup":true,"extensionId":{"value":"vscodevim.vim","_lower":"vscodevim.vim"},"activationEvent":"*"}
[2021-01-21 14:22:46.127] [exthost] [info] ExtensionService#loadCommonJSModule file:///home/matthewrose/.vscode/extensions/vscodevim.vim-1.18.5/out/extension
[2021-01-21 14:22:46.176] [exthost] [info] ExtensionService#_doActivateExtension zhuangtongfa.material-theme {"startup":true,"extensionId":{"value":"zhuangtongfa.material-theme","_lower":"zhuangtongfa.material-theme"},"activationEvent":"*"}
[2021-01-21 14:22:46.177] [exthost] [info] ExtensionService#loadCommonJSModule file:///home/matthewrose/.vscode/extensions/zhuangtongfa.material-theme-3.9.12/out/extension.js
[2021-01-21 14:22:46.190] [exthost] [info] ExtensionService#_doActivateExtension Zignd.html-css-class-completion {"startup":true,"extensionId":{"value":"Zignd.html-css-class-completion","_lower":"zignd.html-css-class-completion"},"activationEvent":"*"}
[2021-01-21 14:22:46.190] [exthost] [info] ExtensionService#loadCommonJSModule file:///home/matthewrose/.vscode/extensions/zignd.html-css-class-completion-1.20.0/dist/extension.js
[2021-01-21 14:22:46.427] [exthost] [info] ExtensionService#_doActivateExtension ms-vscode.js-debug {"startup":false,"extensionId":{"value":"ms-vscode.js-debug","_lower":"ms-vscode.js-debug"},"activationEvent":"onCommand:extension.js-debug.clearAutoAttachVariables"}
[2021-01-21 14:22:46.427] [exthost] [info] ExtensionService#loadCommonJSModule file:///opt/visual-studio-code/resources/app/extensions/ms-vscode.js-debug/src/extension.js
[2021-01-21 14:22:46.590] [exthost] [info] ExtensionService#_doActivateExtension vscode.github {"startup":false,"extensionId":{"value":"vscode.github","_lower":"vscode.github"},"activationEvent":"*"}
[2021-01-21 14:22:46.590] [exthost] [info] ExtensionService#loadCommonJSModule file:///opt/visual-studio-code/resources/app/extensions/github/dist/extension.js
[2021-01-21 14:22:46.610] [exthost] [info] eager extensions activated
[2021-01-21 14:22:46.623] [exthost] [info] ExtensionService#_doActivateExtension dbaeumer.vscode-eslint {"startup":false,"extensionId":{"value":"dbaeumer.vscode-eslint","_lower":"dbaeumer.vscode-eslint"},"activationEvent":"onStartupFinished"}
[2021-01-21 14:22:46.624] [exthost] [info] ExtensionService#loadCommonJSModule file:///home/matthewrose/.vscode/extensions/dbaeumer.vscode-eslint-2.1.14/client/out/extension
[2021-01-21 14:22:46.636] [exthost] [info] ExtensionService#_doActivateExtension esbenp.prettier-vscode {"startup":false,"extensionId":{"value":"esbenp.prettier-vscode","_lower":"esbenp.prettier-vscode"},"activationEvent":"onStartupFinished"}
[2021-01-21 14:22:46.637] [exthost] [info] ExtensionService#loadCommonJSModule file:///home/matthewrose/.vscode/extensions/esbenp.prettier-vscode-5.8.0/dist/extension
[2021-01-21 14:22:46.673] [exthost] [info] ExtensionService#_doActivateExtension formulahendry.code-runner {"startup":false,"extensionId":{"value":"formulahendry.code-runner","_lower":"formulahendry.code-runner"},"activationEvent":"onStartupFinished"}
[2021-01-21 14:22:46.673] [exthost] [info] ExtensionService#loadCommonJSModule file:///home/matthewrose/.vscode/extensions/formulahendry.code-runner-0.11.2/out/src/extension
[2021-01-21 14:22:46.707] [exthost] [info] ExtensionService#_doActivateExtension vscode.github-authentication {"startup":false,"extensionId":{"value":"vscode.github-authentication","_lower":"vscode.github-authentication"},"activationEvent":"onAuthenticationRequest:github"}
[2021-01-21 14:22:46.707] [exthost] [info] ExtensionService#loadCommonJSModule file:///opt/visual-studio-code/resources/app/extensions/github-authentication/dist/extension.js
[2021-01-21 14:22:47.835] [exthost] [info] ExtensionService#_doActivateExtension vscode.configuration-editing {"startup":false,"extensionId":{"value":"vscode.configuration-editing","_lower":"vscode.configuration-editing"},"activationEvent":"onLanguage:jsonc"}
[2021-01-21 14:22:47.835] [exthost] [info] ExtensionService#loadCommonJSModule file:///opt/visual-studio-code/resources/app/extensions/configuration-editing/dist/configurationEditingMain
[2021-01-21 14:22:47.841] [exthost] [info] ExtensionService#_doActivateExtension vscode.json-language-features {"startup":false,"extensionId":{"value":"vscode.json-language-features","_lower":"vscode.json-language-features"},"activationEvent":"onLanguage:jsonc"}
[2021-01-21 14:22:47.841] [exthost] [info] ExtensionService#loadCommonJSModule file:///opt/visual-studio-code/resources/app/extensions/json-language-features/client/dist/node/jsonClientMain
[2021-01-21 14:22:47.911] [exthost] [info] ExtensionService#_doActivateExtension vscode.typescript-language-features {"startup":false,"extensionId":{"value":"vscode.typescript-language-features","_lower":"vscode.typescript-language-features"},"activationEvent":"onLanguage:jsonc"}
[2021-01-21 14:22:47.911] [exthost] [info] ExtensionService#loadCommonJSModule file:///opt/visual-studio-code/resources/app/extensions/typescript-language-features/dist/extension
[2021-01-21 14:22:53.784] [exthost] [info] extension host started
[2021-01-21 14:22:53.861] [exthost] [info] ExtensionService#_doActivateExtension vscode.microsoft-authentication {"startup":false,"extensionId":{"value":"vscode.microsoft-authentication","_lower":"vscode.microsoft-authentication"},"activationEvent":"onAuthenticationRequest:microsoft"}
[2021-01-21 14:22:53.861] [exthost] [info] ExtensionService#loadCommonJSModule file:///opt/visual-studio-code/resources/app/extensions/microsoft-authentication/dist/extension.js
[2021-01-21 14:22:53.873] [exthost] [info] ExtensionService#_doActivateExtension vscode.typescript-language-features {"startup":false,"extensionId":{"value":"vscode.typescript-language-features","_lower":"vscode.typescript-language-features"},"activationEvent":"onLanguage:javascript"}
[2021-01-21 14:22:53.873] [exthost] [info] ExtensionService#loadCommonJSModule file:///opt/visual-studio-code/resources/app/extensions/typescript-language-features/dist/extension
[2021-01-21 14:22:53.884] [exthost] [info] ExtensionService#_doActivateExtension vscode.debug-auto-launch {"startup":true,"extensionId":{"value":"vscode.debug-auto-launch","_lower":"vscode.debug-auto-launch"},"activationEvent":"*"}
[2021-01-21 14:22:53.884] [exthost] [info] ExtensionService#loadCommonJSModule file:///opt/visual-studio-code/resources/app/extensions/debug-auto-launch/dist/extension
[2021-01-21 14:22:53.885] [exthost] [info] ExtensionService#_doActivateExtension vscode.emmet {"startup":true,"extensionId":{"value":"vscode.emmet","_lower":"vscode.emmet"},"activationEvent":"*"}
[2021-01-21 14:22:53.885] [exthost] [info] ExtensionService#loadCommonJSModule file:///opt/visual-studio-code/resources/app/extensions/emmet/dist/node/emmetNodeMain
[2021-01-21 14:22:53.895] [exthost] [info] ExtensionService#_doActivateExtension vscode.git {"startup":true,"extensionId":{"value":"vscode.github","_lower":"vscode.github"},"activationEvent":"*"}
[2021-01-21 14:22:53.896] [exthost] [info] ExtensionService#loadCommonJSModule file:///opt/visual-studio-code/resources/app/extensions/git/dist/main
[2021-01-21 14:22:53.909] [exthost] [info] ExtensionService#_doActivateExtension vscode.merge-conflict {"startup":true,"extensionId":{"value":"vscode.merge-conflict","_lower":"vscode.merge-conflict"},"activationEvent":"*"}
[2021-01-21 14:22:53.909] [exthost] [info] ExtensionService#loadCommonJSModule file:///opt/visual-studio-code/resources/app/extensions/merge-conflict/dist/mergeConflictMain
[2021-01-21 14:22:53.911] [exthost] [info] ExtensionService#_doActivateExtension vscode.search-result {"startup":true,"extensionId":{"value":"vscode.search-result","_lower":"vscode.search-result"},"activationEvent":"*"}
[2021-01-21 14:22:53.911] [exthost] [info] ExtensionService#loadCommonJSModule file:///opt/visual-studio-code/resources/app/extensions/search-result/dist/extension.js
[2021-01-21 14:22:53.912] [exthost] [info] ExtensionService#_doActivateExtension christian-kohler.path-intellisense {"startup":true,"extensionId":{"value":"christian-kohler.path-intellisense","_lower":"christian-kohler.path-intellisense"},"activationEvent":"*"}
[2021-01-21 14:22:53.912] [exthost] [info] ExtensionService#loadCommonJSModule file:///home/matthewrose/.vscode/extensions/christian-kohler.path-intellisense-2.3.0/out/extension.js
[2021-01-21 14:22:53.922] [exthost] [info] ExtensionService#_doActivateExtension CoenraadS.bracket-pair-colorizer-2 {"startup":true,"extensionId":{"value":"CoenraadS.bracket-pair-colorizer-2","_lower":"coenraads.bracket-pair-colorizer-2"},"activationEvent":"*"}
[2021-01-21 14:22:53.922] [exthost] [info] ExtensionService#loadCommonJSModule file:///home/matthewrose/.vscode/extensions/coenraads.bracket-pair-colorizer-2-0.2.0/out/src/extension
[2021-01-21 14:22:53.935] [exthost] [info] ExtensionService#_doActivateExtension formulahendry.auto-close-tag {"startup":true,"extensionId":{"value":"formulahendry.auto-close-tag","_lower":"formulahendry.auto-close-tag"},"activationEvent":"*"}
[2021-01-21 14:22:53.935] [exthost] [info] ExtensionService#loadCommonJSModule file:///home/matthewrose/.vscode/extensions/formulahendry.auto-close-tag-0.5.10/out/src/extension
[2021-01-21 14:22:53.936] [exthost] [info] ExtensionService#_doActivateExtension formulahendry.auto-rename-tag {"startup":true,"extensionId":{"value":"formulahendry.auto-rename-tag","_lower":"formulahendry.auto-rename-tag"},"activationEvent":"*"}
[2021-01-21 14:22:53.936] [exthost] [info] ExtensionService#loadCommonJSModule file:///home/matthewrose/.vscode/extensions/formulahendry.auto-rename-tag-0.1.6/packages/extension/dist/extensionMain.js
[2021-01-21 14:22:53.952] [exthost] [info] ExtensionService#_doActivateExtension monokai.theme-monokai-pro-vscode {"startup":true,"extensionId":{"value":"monokai.theme-monokai-pro-vscode","_lower":"monokai.theme-monokai-pro-vscode"},"activationEvent":"*"}
[2021-01-21 14:22:53.952] [exthost] [info] ExtensionService#loadCommonJSModule file:///home/matthewrose/.vscode/extensions/monokai.theme-monokai-pro-vscode-1.1.18/js/main
[2021-01-21 14:22:53.954] [exthost] [info] ExtensionService#_doActivateExtension naumovs.color-highlight {"startup":true,"extensionId":{"value":"naumovs.color-highlight","_lower":"naumovs.color-highlight"},"activationEvent":"*"}
[2021-01-21 14:22:53.954] [exthost] [info] ExtensionService#loadCommonJSModule file:///home/matthewrose/.vscode/extensions/naumovs.color-highlight-2.3.0/dist/extension
[2021-01-21 14:22:53.960] [exthost] [info] ExtensionService#_doActivateExtension PKief.material-icon-theme {"startup":true,"extensionId":{"value":"PKief.material-icon-theme","_lower":"pkief.material-icon-theme"},"activationEvent":"*"}
[2021-01-21 14:22:53.960] [exthost] [info] ExtensionService#loadCommonJSModule file:///home/matthewrose/.vscode/extensions/pkief.material-icon-theme-4.5.0/dist/extension
[2021-01-21 14:22:53.969] [exthost] [info] ExtensionService#_doActivateExtension ritwickdey.LiveServer {"startup":true,"extensionId":{"value":"ritwickdey.LiveServer","_lower":"ritwickdey.liveserver"},"activationEvent":"*"}
[2021-01-21 14:22:53.969] [exthost] [info] ExtensionService#loadCommonJSModule file:///home/matthewrose/.vscode/extensions/ritwickdey.liveserver-5.6.1/out/src/extension
[2021-01-21 14:22:54.278] [exthost] [info] ExtensionService#_doActivateExtension sainnhe.gruvbox-material {"startup":true,"extensionId":{"value":"sainnhe.gruvbox-material","_lower":"sainnhe.gruvbox-material"},"activationEvent":"*"}
[2021-01-21 14:22:54.278] [exthost] [info] ExtensionService#loadCommonJSModule file:///home/matthewrose/.vscode/extensions/sainnhe.gruvbox-material-6.3.6/out/extension.js
[2021-01-21 14:22:54.303] [exthost] [info] ExtensionService#_doActivateExtension spikespaz.vscode-smoothtype {"startup":true,"extensionId":{"value":"spikespaz.vscode-smoothtype","_lower":"spikespaz.vscode-smoothtype"},"activationEvent":"*"}
[2021-01-21 14:22:54.303] [exthost] [info] ExtensionService#loadCommonJSModule file:///home/matthewrose/.vscode/extensions/spikespaz.vscode-smoothtype-1.2.0/extension
[2021-01-21 14:22:54.307] [exthost] [info] ExtensionService#_doActivateExtension vincaslt.highlight-matching-tag {"startup":true,"extensionId":{"value":"vincaslt.highlight-matching-tag","_lower":"vincaslt.highlight-matching-tag"},"activationEvent":"*"}
[2021-01-21 14:22:54.307] [exthost] [info] ExtensionService#loadCommonJSModule file:///home/matthewrose/.vscode/extensions/vincaslt.highlight-matching-tag-0.10.0/out/src/extension
[2021-01-21 14:22:54.314] [exthost] [info] ExtensionService#_doActivateExtension vscodevim.vim {"startup":true,"extensionId":{"value":"vscodevim.vim","_lower":"vscodevim.vim"},"activationEvent":"*"}
[2021-01-21 14:22:54.314] [exthost] [info] ExtensionService#loadCommonJSModule file:///home/matthewrose/.vscode/extensions/vscodevim.vim-1.18.5/out/extension
[2021-01-21 14:22:54.397] [exthost] [info] ExtensionService#_doActivateExtension zhuangtongfa.material-theme {"startup":true,"extensionId":{"value":"zhuangtongfa.material-theme","_lower":"zhuangtongfa.material-theme"},"activationEvent":"*"}
[2021-01-21 14:22:54.397] [exthost] [info] ExtensionService#loadCommonJSModule file:///home/matthewrose/.vscode/extensions/zhuangtongfa.material-theme-3.9.12/out/extension.js
[2021-01-21 14:22:54.412] [exthost] [info] ExtensionService#_doActivateExtension Zignd.html-css-class-completion {"startup":true,"extensionId":{"value":"Zignd.html-css-class-completion","_lower":"zignd.html-css-class-completion"},"activationEvent":"*"}
[2021-01-21 14:22:54.412] [exthost] [info] ExtensionService#loadCommonJSModule file:///home/matthewrose/.vscode/extensions/zignd.html-css-class-completion-1.20.0/dist/extension.js
[2021-01-21 14:22:56.074] [exthost] [info] ExtensionService#_doActivateExtension ms-vscode.js-debug {"startup":false,"extensionId":{"value":"ms-vscode.js-debug","_lower":"ms-vscode.js-debug"},"activationEvent":"onCommand:extension.js-debug.clearAutoAttachVariables"}
[2021-01-21 14:22:56.074] [exthost] [info] ExtensionService#loadCommonJSModule file:///opt/visual-studio-code/resources/app/extensions/ms-vscode.js-debug/src/extension.js
[2021-01-21 14:22:56.447] [exthost] [info] ExtensionService#_doActivateExtension vscode.github {"startup":false,"extensionId":{"value":"vscode.github","_lower":"vscode.github"},"activationEvent":"*"}
[2021-01-21 14:22:56.447] [exthost] [info] ExtensionService#loadCommonJSModule file:///opt/visual-studio-code/resources/app/extensions/github/dist/extension.js
[2021-01-21 14:22:56.806] [exthost] [info] eager extensions activated
[2021-01-21 14:22:56.901] [exthost] [info] ExtensionService#_doActivateExtension dbaeumer.vscode-eslint {"startup":false,"extensionId":{"value":"dbaeumer.vscode-eslint","_lower":"dbaeumer.vscode-eslint"},"activationEvent":"onStartupFinished"}
[2021-01-21 14:22:56.901] [exthost] [info] ExtensionService#loadCommonJSModule file:///home/matthewrose/.vscode/extensions/dbaeumer.vscode-eslint-2.1.14/client/out/extension
[2021-01-21 14:22:56.926] [exthost] [info] ExtensionService#_doActivateExtension esbenp.prettier-vscode {"startup":false,"extensionId":{"value":"esbenp.prettier-vscode","_lower":"esbenp.prettier-vscode"},"activationEvent":"onStartupFinished"}
[2021-01-21 14:22:56.926] [exthost] [info] ExtensionService#loadCommonJSModule file:///home/matthewrose/.vscode/extensions/esbenp.prettier-vscode-5.8.0/dist/extension
[2021-01-21 14:22:57.054] [exthost] [info] ExtensionService#_doActivateExtension formulahendry.code-runner {"startup":false,"extensionId":{"value":"formulahendry.code-runner","_lower":"formulahendry.code-runner"},"activationEvent":"onStartupFinished"}
[2021-01-21 14:22:57.054] [exthost] [info] ExtensionService#loadCommonJSModule file:///home/matthewrose/.vscode/extensions/formulahendry.code-runner-0.11.2/out/src/extension
[2021-01-21 14:22:57.128] [exthost] [info] ExtensionService#_doActivateExtension vscode.github-authentication {"startup":false,"extensionId":{"value":"vscode.github-authentication","_lower":"vscode.github-authentication"},"activationEvent":"onAuthenticationRequest:github"}
[2021-01-21 14:22:57.128] [exthost] [info] ExtensionService#loadCommonJSModule file:///opt/visual-studio-code/resources/app/extensions/github-authentication/dist/extension.js
[2021-01-21 14:23:03.056] [exthost] [info] ExtensionService#_doActivateExtension vscode.configuration-editing {"startup":false,"extensionId":{"value":"vscode.configuration-editing","_lower":"vscode.configuration-editing"},"activationEvent":"onLanguage:jsonc"}
[2021-01-21 14:23:03.056] [exthost] [info] ExtensionService#loadCommonJSModule file:///opt/visual-studio-code/resources/app/extensions/configuration-editing/dist/configurationEditingMain
[2021-01-21 14:23:03.065] [exthost] [info] ExtensionService#_doActivateExtension vscode.json-language-features {"startup":false,"extensionId":{"value":"vscode.json-language-features","_lower":"vscode.json-language-features"},"activationEvent":"onLanguage:jsonc"}
[2021-01-21 14:23:03.065] [exthost] [info] ExtensionService#loadCommonJSModule file:///opt/visual-studio-code/resources/app/extensions/json-language-features/client/dist/node/jsonClientMain
